[2020-07-17 09:17:15,692] multiqc                                            [DEBUG  ]  No MultiQC config found: /Users/mattsdwatson/anaconda3/lib/python3.7/site-packages/multiqc_config.yaml
[2020-07-17 09:17:15,692] multiqc                                            [DEBUG  ]  No MultiQC config found: /Users/mattsdwatson/.multiqc_config.yaml
[2020-07-17 09:17:15,692] multiqc                                            [DEBUG  ]  No MultiQC config found: multiqc_config.yaml
[2020-07-17 09:17:15,692] multiqc                                            [DEBUG  ]  Command used: /Users/mattsdwatson/anaconda3/bin/multiqc .
[2020-07-17 09:17:16,237] multiqc                                            [DEBUG  ]  Latest MultiQC version is v1.9
[2020-07-17 09:17:16,238] multiqc                                            [INFO   ]  This is MultiQC v1.9
[2020-07-17 09:17:16,238] multiqc                                            [DEBUG  ]  Command     : /Users/mattsdwatson/anaconda3/bin/multiqc .
[2020-07-17 09:17:16,238] multiqc                                            [DEBUG  ]  Working dir : /Users/mattsdwatson/mouse_de/fastq/fastqc_reports
[2020-07-17 09:17:16,238] multiqc                                            [INFO   ]  Template    : default
[2020-07-17 09:17:16,238] multiqc                                            [DEBUG  ]  Running Python 3.7.3 (default, Mar 27 2019, 16:54:48)  [Clang 4.0.1 (tags/RELEASE_401/final)]
[2020-07-17 09:17:16,238] multiqc                                            [INFO   ]  Searching   : /Users/mattsdwatson/mouse_de/fastq/fastqc_reports
[2020-07-17 09:17:16,239] multiqc                                            [DEBUG  ]  Analysing modules: custom_content, conpair, peddy, somalier, methylQA, mosdepth, phantompeakqualtools, qualimap, preseq, quast, qorts, rna_seqc, rockhopper, rsem, rseqc, busco, goleft_indexcov, disambiguate, supernova, deeptools, sargasso, verifybamid, mirtrace, happy, mirtop, homer, macs2, theta2, snpeff, gatk, htseq, bcftools, featureCounts, fgbio, dragen, dedup, damageprofiler, biobambam2, mtnucratio, picard, prokka, samblaster, samtools, sexdeterrmine, bamtools, jellyfish, vcftools, longranger, stacks, varscan2, bbmap, bismark, biscuit, hicexplorer, hicup, hicpro, salmon, kallisto, slamdunk, star, hisat2, tophat, bowtie2, bowtie1, snpsplit, kat, leehom, adapterRemoval, clipandmerge, cutadapt, flexbar, kaiju, kraken, malt, trimmomatic, sickle, skewer, sortmerna, biobloomtools, fastq_screen, afterqc, fastp, fastqc, pycoqc, minionqc, multivcfanalyzer, clusterflow, bcl2fastq, interop, ivar, flash, seqyclean
[2020-07-17 09:17:16,239] multiqc                                            [DEBUG  ]  Using temporary directory for creating report: /var/folders/b0/t5xcnhp13831xdy00jfm2j400000gn/T/tmpe8nd3wst
[2020-07-17 09:17:16,393] multiqc                                            [DEBUG  ]  File ignored by hicexplorer because it exceeded search pattern filesize limit: ERR1147328_fastqc.html
[2020-07-17 09:17:16,396] multiqc                                            [DEBUG  ]  File ignored by longranger/invocation because it exceeded search pattern filesize limit: ERR1147328_fastqc.html
[2020-07-17 09:17:16,396] multiqc                                            [DEBUG  ]  File ignored by rockhopper because it exceeded search pattern filesize limit: ERR1147328_fastqc.html
[2020-07-17 09:17:16,396] multiqc                                            [DEBUG  ]  File ignored by rseqc/bam_stat because it exceeded search pattern filesize limit: ERR1147328_fastqc.html
[2020-07-17 09:17:16,396] multiqc                                            [DEBUG  ]  File ignored by rseqc/junction_annotation because it exceeded search pattern filesize limit: ERR1147328_fastqc.html
[2020-07-17 09:17:16,396] multiqc                                            [DEBUG  ]  File ignored by rseqc/read_distribution because it exceeded search pattern filesize limit: ERR1147328_fastqc.html
[2020-07-17 09:17:16,396] multiqc                                            [DEBUG  ]  File ignored by rseqc/infer_experiment because it exceeded search pattern filesize limit: ERR1147328_fastqc.html
[2020-07-17 09:17:16,452] multiqc                                            [DEBUG  ]  File ignored by hicexplorer because it exceeded search pattern filesize limit: SRR2036232_fastqc.html
[2020-07-17 09:17:16,454] multiqc                                            [DEBUG  ]  File ignored by longranger/invocation because it exceeded search pattern filesize limit: SRR2036232_fastqc.html
[2020-07-17 09:17:16,454] multiqc                                            [DEBUG  ]  File ignored by rockhopper because it exceeded search pattern filesize limit: SRR2036232_fastqc.html
[2020-07-17 09:17:16,454] multiqc                                            [DEBUG  ]  File ignored by rseqc/bam_stat because it exceeded search pattern filesize limit: SRR2036232_fastqc.html
[2020-07-17 09:17:16,454] multiqc                                            [DEBUG  ]  File ignored by rseqc/junction_annotation because it exceeded search pattern filesize limit: SRR2036232_fastqc.html
[2020-07-17 09:17:16,454] multiqc                                            [DEBUG  ]  File ignored by rseqc/read_distribution because it exceeded search pattern filesize limit: SRR2036232_fastqc.html
[2020-07-17 09:17:16,454] multiqc                                            [DEBUG  ]  File ignored by rseqc/infer_experiment because it exceeded search pattern filesize limit: SRR2036232_fastqc.html
[2020-07-17 09:17:16,502] multiqc                                            [DEBUG  ]  File ignored by hicexplorer because it exceeded search pattern filesize limit: ERR1147327_fastqc.html
[2020-07-17 09:17:16,503] multiqc                                            [DEBUG  ]  File ignored by longranger/invocation because it exceeded search pattern filesize limit: ERR1147327_fastqc.html
[2020-07-17 09:17:16,503] multiqc                                            [DEBUG  ]  File ignored by rockhopper because it exceeded search pattern filesize limit: ERR1147327_fastqc.html
[2020-07-17 09:17:16,504] multiqc                                            [DEBUG  ]  File ignored by rseqc/bam_stat because it exceeded search pattern filesize limit: ERR1147327_fastqc.html
[2020-07-17 09:17:16,504] multiqc                                            [DEBUG  ]  File ignored by rseqc/junction_annotation because it exceeded search pattern filesize limit: ERR1147327_fastqc.html
[2020-07-17 09:17:16,504] multiqc                                            [DEBUG  ]  File ignored by rseqc/read_distribution because it exceeded search pattern filesize limit: ERR1147327_fastqc.html
[2020-07-17 09:17:16,504] multiqc                                            [DEBUG  ]  File ignored by rseqc/infer_experiment because it exceeded search pattern filesize limit: ERR1147327_fastqc.html
[2020-07-17 09:17:16,558] multiqc                                            [DEBUG  ]  File ignored by hicexplorer because it exceeded search pattern filesize limit: SRR2036231_fastqc.html
[2020-07-17 09:17:16,560] multiqc                                            [DEBUG  ]  File ignored by longranger/invocation because it exceeded search pattern filesize limit: SRR2036231_fastqc.html
[2020-07-17 09:17:16,560] multiqc                                            [DEBUG  ]  File ignored by rockhopper because it exceeded search pattern filesize limit: SRR2036231_fastqc.html
[2020-07-17 09:17:16,560] multiqc                                            [DEBUG  ]  File ignored by rseqc/bam_stat because it exceeded search pattern filesize limit: SRR2036231_fastqc.html
[2020-07-17 09:17:16,561] multiqc                                            [DEBUG  ]  File ignored by rseqc/junction_annotation because it exceeded search pattern filesize limit: SRR2036231_fastqc.html
[2020-07-17 09:17:16,561] multiqc                                            [DEBUG  ]  File ignored by rseqc/read_distribution because it exceeded search pattern filesize limit: SRR2036231_fastqc.html
[2020-07-17 09:17:16,561] multiqc                                            [DEBUG  ]  File ignored by rseqc/infer_experiment because it exceeded search pattern filesize limit: SRR2036231_fastqc.html
[2020-07-17 09:17:16,609] multiqc                                            [DEBUG  ]  File ignored by hicexplorer because it exceeded search pattern filesize limit: ERR1147325_fastqc.html
[2020-07-17 09:17:16,611] multiqc                                            [DEBUG  ]  File ignored by longranger/invocation because it exceeded search pattern filesize limit: ERR1147325_fastqc.html
[2020-07-17 09:17:16,611] multiqc                                            [DEBUG  ]  File ignored by rockhopper because it exceeded search pattern filesize limit: ERR1147325_fastqc.html
[2020-07-17 09:17:16,611] multiqc                                            [DEBUG  ]  File ignored by rseqc/bam_stat because it exceeded search pattern filesize limit: ERR1147325_fastqc.html
[2020-07-17 09:17:16,611] multiqc                                            [DEBUG  ]  File ignored by rseqc/junction_annotation because it exceeded search pattern filesize limit: ERR1147325_fastqc.html
[2020-07-17 09:17:16,611] multiqc                                            [DEBUG  ]  File ignored by rseqc/read_distribution because it exceeded search pattern filesize limit: ERR1147325_fastqc.html
[2020-07-17 09:17:16,611] multiqc                                            [DEBUG  ]  File ignored by rseqc/infer_experiment because it exceeded search pattern filesize limit: ERR1147325_fastqc.html
[2020-07-17 09:17:16,665] multiqc                                            [DEBUG  ]  File ignored by hicexplorer because it exceeded search pattern filesize limit: ERR1147326_fastqc.html
[2020-07-17 09:17:16,667] multiqc                                            [DEBUG  ]  File ignored by longranger/invocation because it exceeded search pattern filesize limit: ERR1147326_fastqc.html
[2020-07-17 09:17:16,667] multiqc                                            [DEBUG  ]  File ignored by rockhopper because it exceeded search pattern filesize limit: ERR1147326_fastqc.html
[2020-07-17 09:17:16,667] multiqc                                            [DEBUG  ]  File ignored by rseqc/bam_stat because it exceeded search pattern filesize limit: ERR1147326_fastqc.html
[2020-07-17 09:17:16,667] multiqc                                            [DEBUG  ]  File ignored by rseqc/junction_annotation because it exceeded search pattern filesize limit: ERR1147326_fastqc.html
[2020-07-17 09:17:16,667] multiqc                                            [DEBUG  ]  File ignored by rseqc/read_distribution because it exceeded search pattern filesize limit: ERR1147326_fastqc.html
[2020-07-17 09:17:16,667] multiqc                                            [DEBUG  ]  File ignored by rseqc/infer_experiment because it exceeded search pattern filesize limit: ERR1147326_fastqc.html
[2020-07-17 09:17:17,175] multiqc.plots.bargraph                             [DEBUG  ]  Using matplotlib version 3.1.3
[2020-07-17 09:17:17,176] multiqc.plots.linegraph                            [DEBUG  ]  Using matplotlib version 3.1.3
[2020-07-17 09:17:17,177] multiqc                                            [DEBUG  ]  No samples found: custom_content
[2020-07-17 09:17:17,180] multiqc                                            [DEBUG  ]  No samples found: conpair
[2020-07-17 09:17:17,182] multiqc                                            [DEBUG  ]  No samples found: peddy
[2020-07-17 09:17:17,185] multiqc                                            [DEBUG  ]  No samples found: somalier
[2020-07-17 09:17:17,188] multiqc                                            [DEBUG  ]  No samples found: methylQA
[2020-07-17 09:17:17,191] multiqc                                            [DEBUG  ]  No samples found: mosdepth
[2020-07-17 09:17:17,194] multiqc                                            [DEBUG  ]  No samples found: phantompeakqualtools
[2020-07-17 09:17:17,197] multiqc                                            [DEBUG  ]  No samples found: qualimap
[2020-07-17 09:17:17,199] multiqc                                            [DEBUG  ]  No samples found: preseq
[2020-07-17 09:17:17,202] multiqc                                            [DEBUG  ]  No samples found: quast
[2020-07-17 09:17:17,205] multiqc                                            [DEBUG  ]  No samples found: qorts
[2020-07-17 09:17:17,208] multiqc                                            [DEBUG  ]  No samples found: rna_seqc
[2020-07-17 09:17:17,210] multiqc                                            [DEBUG  ]  No samples found: rockhopper
[2020-07-17 09:17:17,213] multiqc                                            [DEBUG  ]  No samples found: rsem
[2020-07-17 09:17:17,218] multiqc                                            [DEBUG  ]  No samples found: rseqc
[2020-07-17 09:17:17,220] multiqc                                            [DEBUG  ]  No samples found: busco
[2020-07-17 09:17:17,223] multiqc                                            [DEBUG  ]  No samples found: goleft_indexcov
[2020-07-17 09:17:17,225] multiqc                                            [DEBUG  ]  No samples found: disambiguate
[2020-07-17 09:17:17,228] multiqc                                            [DEBUG  ]  No samples found: supernova
[2020-07-17 09:17:17,233] multiqc                                            [DEBUG  ]  No samples found: deeptools
[2020-07-17 09:17:17,235] multiqc                                            [DEBUG  ]  No samples found: sargasso
[2020-07-17 09:17:17,238] multiqc                                            [DEBUG  ]  No samples found: verifybamid
[2020-07-17 09:17:17,240] multiqc                                            [DEBUG  ]  No samples found: mirtrace
[2020-07-17 09:17:17,243] multiqc                                            [DEBUG  ]  No samples found: happy
[2020-07-17 09:17:17,245] multiqc                                            [DEBUG  ]  No samples found: mirtop
[2020-07-17 09:17:17,249] multiqc                                            [DEBUG  ]  No samples found: homer
[2020-07-17 09:17:17,252] multiqc                                            [DEBUG  ]  No samples found: macs2
[2020-07-17 09:17:17,254] multiqc                                            [DEBUG  ]  No samples found: theta2
[2020-07-17 09:17:17,257] multiqc                                            [DEBUG  ]  No samples found: snpeff
[2020-07-17 09:17:17,260] multiqc                                            [DEBUG  ]  No samples found: gatk
[2020-07-17 09:17:17,263] multiqc                                            [DEBUG  ]  No samples found: htseq
[2020-07-17 09:17:17,266] multiqc                                            [DEBUG  ]  No samples found: bcftools
[2020-07-17 09:17:17,268] multiqc                                            [DEBUG  ]  No samples found: featureCounts
[2020-07-17 09:17:17,271] multiqc                                            [DEBUG  ]  No samples found: fgbio
[2020-07-17 09:17:17,276] multiqc                                            [DEBUG  ]  No samples found: dragen
[2020-07-17 09:17:17,278] multiqc                                            [DEBUG  ]  No samples found: dedup
[2020-07-17 09:17:17,281] multiqc                                            [DEBUG  ]  No samples found: damageprofiler
[2020-07-17 09:17:17,288] multiqc                                            [DEBUG  ]  No samples found: biobambam2
[2020-07-17 09:17:17,290] multiqc                                            [DEBUG  ]  No samples found: mtnucratio
[2020-07-17 09:17:17,293] multiqc                                            [DEBUG  ]  No samples found: picard
[2020-07-17 09:17:17,295] multiqc                                            [DEBUG  ]  No samples found: prokka
[2020-07-17 09:17:17,298] multiqc                                            [DEBUG  ]  No samples found: samblaster
[2020-07-17 09:17:17,301] multiqc                                            [DEBUG  ]  No samples found: samtools
[2020-07-17 09:17:17,304] multiqc                                            [DEBUG  ]  No samples found: sexdeterrmine
[2020-07-17 09:17:17,306] multiqc                                            [DEBUG  ]  No samples found: bamtools
[2020-07-17 09:17:17,309] multiqc                                            [DEBUG  ]  No samples found: jellyfish
[2020-07-17 09:17:17,312] multiqc                                            [DEBUG  ]  No samples found: vcftools
[2020-07-17 09:17:17,315] multiqc                                            [DEBUG  ]  No samples found: longranger
[2020-07-17 09:17:17,317] multiqc                                            [DEBUG  ]  No samples found: stacks
[2020-07-17 09:17:17,320] multiqc                                            [DEBUG  ]  No samples found: varscan2
[2020-07-17 09:17:17,325] multiqc                                            [DEBUG  ]  No samples found: bbmap
[2020-07-17 09:17:17,327] multiqc                                            [DEBUG  ]  No samples found: bismark
[2020-07-17 09:17:17,330] multiqc                                            [DEBUG  ]  No samples found: biscuit
[2020-07-17 09:17:17,333] multiqc                                            [DEBUG  ]  No samples found: hicexplorer
[2020-07-17 09:17:17,335] multiqc                                            [DEBUG  ]  No samples found: hicup
[2020-07-17 09:17:17,338] multiqc                                            [DEBUG  ]  No samples found: hicpro
[2020-07-17 09:17:17,340] multiqc                                            [DEBUG  ]  No samples found: salmon
[2020-07-17 09:17:17,343] multiqc                                            [DEBUG  ]  No samples found: kallisto
[2020-07-17 09:17:17,345] multiqc                                            [DEBUG  ]  No samples found: slamdunk
[2020-07-17 09:17:17,348] multiqc                                            [DEBUG  ]  No samples found: star
[2020-07-17 09:17:17,351] multiqc                                            [DEBUG  ]  No samples found: hisat2
[2020-07-17 09:17:17,353] multiqc                                            [DEBUG  ]  No samples found: tophat
[2020-07-17 09:17:17,356] multiqc                                            [DEBUG  ]  No samples found: bowtie2
[2020-07-17 09:17:17,358] multiqc                                            [DEBUG  ]  No samples found: bowtie1
[2020-07-17 09:17:17,361] multiqc                                            [DEBUG  ]  No samples found: snpsplit
[2020-07-17 09:17:17,363] multiqc                                            [DEBUG  ]  No samples found: kat
[2020-07-17 09:17:17,366] multiqc                                            [DEBUG  ]  No samples found: leehom
[2020-07-17 09:17:17,368] multiqc                                            [DEBUG  ]  No samples found: adapterRemoval
[2020-07-17 09:17:17,371] multiqc                                            [DEBUG  ]  No samples found: clipandmerge
[2020-07-17 09:17:17,373] multiqc                                            [DEBUG  ]  No samples found: cutadapt
[2020-07-17 09:17:17,376] multiqc                                            [DEBUG  ]  No samples found: flexbar
[2020-07-17 09:17:17,378] multiqc                                            [DEBUG  ]  No samples found: kaiju
[2020-07-17 09:17:17,381] multiqc                                            [DEBUG  ]  No samples found: kraken
[2020-07-17 09:17:17,384] multiqc                                            [DEBUG  ]  No samples found: malt
[2020-07-17 09:17:17,386] multiqc                                            [DEBUG  ]  No samples found: trimmomatic
[2020-07-17 09:17:17,389] multiqc                                            [DEBUG  ]  No samples found: sickle
[2020-07-17 09:17:17,391] multiqc                                            [DEBUG  ]  No samples found: skewer
[2020-07-17 09:17:17,394] multiqc                                            [DEBUG  ]  No samples found: sortmerna
[2020-07-17 09:17:17,396] multiqc                                            [DEBUG  ]  No samples found: biobloomtools
[2020-07-17 09:17:17,399] multiqc                                            [DEBUG  ]  No samples found: fastq_screen
[2020-07-17 09:17:17,401] multiqc                                            [DEBUG  ]  No samples found: afterqc
[2020-07-17 09:17:17,404] multiqc                                            [DEBUG  ]  No samples found: fastp
[2020-07-17 09:17:17,551] multiqc.modules.fastqc.fastqc                      [INFO   ]  Found 6 reports
[2020-07-17 09:17:17,656] multiqc                                            [DEBUG  ]  No samples found: pycoqc
[2020-07-17 09:17:17,659] multiqc                                            [DEBUG  ]  No samples found: minionqc
[2020-07-17 09:17:17,662] multiqc                                            [DEBUG  ]  No samples found: multivcfanalyzer
[2020-07-17 09:17:17,664] multiqc                                            [DEBUG  ]  No samples found: clusterflow
[2020-07-17 09:17:17,667] multiqc                                            [DEBUG  ]  No samples found: bcl2fastq
[2020-07-17 09:17:17,670] multiqc                                            [DEBUG  ]  No samples found: interop
[2020-07-17 09:17:17,672] multiqc                                            [DEBUG  ]  No samples found: ivar
[2020-07-17 09:17:17,675] multiqc                                            [DEBUG  ]  No samples found: flash
[2020-07-17 09:17:17,678] multiqc                                            [DEBUG  ]  No samples found: seqyclean
[2020-07-17 09:17:17,686] multiqc                                            [INFO   ]  Compressing plot data
[2020-07-17 09:17:17,795] multiqc                                            [INFO   ]  Report      : multiqc_report.html
[2020-07-17 09:17:17,795] multiqc                                            [INFO   ]  Data        : multiqc_data
[2020-07-17 09:17:17,795] multiqc                                            [DEBUG  ]  Moving data file from '/var/folders/b0/t5xcnhp13831xdy00jfm2j400000gn/T/tmpe8nd3wst/multiqc_data' to '/Users/mattsdwatson/mouse_de/fastq/fastqc_reports/multiqc_data'
[2020-07-17 09:17:17,904] multiqc                                            [INFO   ]  MultiQC complete
